Using pre-set license
Built from '2020.3/staging' branch; Version is '2020.3.0f1 (c7b5465681fb) revision 13088070'; Using compiler version '192528614'; Build Type 'Release'
OS: 'Windows 10 Pro; OS build 19042.964; Version 2009; 64bit' Language: 'en' Physical Memory: 16305 MB
BatchMode: 1, IsHumanControllingUs: 0, StartBugReporterOnCrash: 0, Is64bit: 1, IsPro: 0

 COMMAND LINE ARGUMENTS:
D:\Unity\2020.3.0f1\Editor\Unity.exe
-adb2
-batchMode
-noUpm
-name
AssetImportWorker0
-projectPath
E:/Udemy_Unity/ProjectBoost
-logFile
Logs/AssetImportWorker0.log
-srvPort
53878
Successfully changed project path to: E:/Udemy_Unity/ProjectBoost
E:/Udemy_Unity/ProjectBoost
Using Asset Import Pipeline V2.
Refreshing native plugins compatible for Editor in 19.05 ms, found 0 plugins.
Preloading 0 native plugins for Editor in 0.00 ms.
Initialize engine version: 2020.3.0f1 (c7b5465681fb)
[Subsystems] Discovering subsystems at path D:/Unity/2020.3.0f1/Editor/Data/Resources/UnitySubsystems
[Subsystems] Discovering subsystems at path E:/Udemy_Unity/ProjectBoost/Assets
GfxDevice: creating device client; threaded=0
Direct3D:
    Version:  Direct3D 11.0 [level 11.1]
    Renderer: NVIDIA GeForce RTX 2060 (ID=0x1f08)
    Vendor:   
    VRAM:     5980 MB
    Driver:   27.21.14.6627
Initialize mono
Mono path[0] = 'D:/Unity/2020.3.0f1/Editor/Data/Managed'
Mono path[1] = 'D:/Unity/2020.3.0f1/Editor/Data/MonoBleedingEdge/lib/mono/unityjit'
Mono config path = 'D:/Unity/2020.3.0f1/Editor/Data/MonoBleedingEdge/etc'
Using monoOptions --debugger-agent=transport=dt_socket,embedding=1,server=y,suspend=n,address=127.0.0.1:56524
Begin MonoManager ReloadAssembly
Registering precompiled unity dll's ...
Register platform support module: D:/Unity/2020.3.0f1/Editor/Data/PlaybackEngines/WebGLSupport/UnityEditor.WebGL.Extensions.dll
Register platform support module: D:/Unity/2020.3.0f1/Editor/Data/PlaybackEngines/WindowsStandaloneSupport/UnityEditor.WindowsStandalone.Extensions.dll
Registered in 0.001587 seconds.
Native extension for WindowsStandalone target not found
Native extension for WebGL target not found
Refreshing native plugins compatible for Editor in 17.67 ms, found 0 plugins.
Preloading 0 native plugins for Editor in 0.00 ms.
Invoked RoslynAnalysisRunner static constructor.
RoslynAnalysisRunner will not be running.
RoslynAnalysisRunner has terminated.
Mono: successfully reloaded assembly
- Completed reload, in  1.188 seconds
Platform modules already initialized, skipping
Registering precompiled user dll's ...
Registered in 0.000517 seconds.
Begin MonoManager ReloadAssembly
Native extension for WindowsStandalone target not found
Native extension for WebGL target not found
Refreshing native plugins compatible for Editor in 0.18 ms, found 0 plugins.
Preloading 0 native plugins for Editor in 0.00 ms.
Invoked RoslynAnalysisRunner static constructor.
RoslynAnalysisRunner will not be running.
RoslynAnalysisRunner has terminated.
Mono: successfully reloaded assembly
- Completed reload, in  0.712 seconds
Platform modules already initialized, skipping
========================================================================
Worker process is ready to serve import requests
Launched and connected shader compiler UnityShaderCompiler.exe after 0.04 seconds
Refreshing native plugins compatible for Editor in 0.28 ms, found 0 plugins.
Preloading 0 native plugins for Editor in 0.00 ms.
Unloading 1113 Unused Serialized files (Serialized files now loaded: 0)
System memory in use before: 56.9 MB.
System memory in use after: 57.0 MB.

Unloading 10 unused Assets to reduce memory usage. Loaded Objects now: 1555.
Total: 1.322500 ms (FindLiveObjects: 0.116400 ms CreateObjectMapping: 0.033200 ms MarkObjects: 1.116000 ms  DeleteObjects: 0.056100 ms)

========================================================================
Received Import Request.
  path: Assets
  artifactKey: Guid(00000000000000001000000000000000) Importer(815301076,1909f56bfc062723c751e8b465ee728b)
Start importing Assets using Guid(00000000000000001000000000000000) Importer(815301076,1909f56bfc062723c751e8b465ee728b)  -> (artifact id: '4e1308e82bc21967d72ad0265f3acbe2') in 0.002540 seconds
  Import took 0.020018 seconds .

========================================================================
Received Import Request.
  Time since last request: 8.963036 seconds.
  path: Assets/Mat_Ground.mat
  artifactKey: Guid(9c8e229ae5abb09469b8b16a969cd87f) Importer(815301076,1909f56bfc062723c751e8b465ee728b)
Start importing Assets/Mat_Ground.mat using Guid(9c8e229ae5abb09469b8b16a969cd87f) Importer(815301076,1909f56bfc062723c751e8b465ee728b)  -> (artifact id: '6ec9982bfc23c50531c5f2397deac36b') in 0.098936 seconds
  Import took 0.139669 seconds .

========================================================================
Received Import Request.
  Time since last request: 130.860466 seconds.
  path: Assets/Mat_LaunchPad.mat
  artifactKey: Guid(751999cfe245006499d79c6d95de6ddc) Importer(815301076,1909f56bfc062723c751e8b465ee728b)
Start importing Assets/Mat_LaunchPad.mat using Guid(751999cfe245006499d79c6d95de6ddc) Importer(815301076,1909f56bfc062723c751e8b465ee728b)  -> (artifact id: '95c1700bb400448b871e0b34f54f1eba') in 0.014788 seconds
  Import took 0.016944 seconds .

========================================================================
Received Import Request.
  Time since last request: 7.607832 seconds.
  path: Assets/Mat_LandingPad.mat
  artifactKey: Guid(36aaff3580e2d594fa5f632f0aa8ae90) Importer(815301076,1909f56bfc062723c751e8b465ee728b)
Start importing Assets/Mat_LandingPad.mat using Guid(36aaff3580e2d594fa5f632f0aa8ae90) Importer(815301076,1909f56bfc062723c751e8b465ee728b)  -> (artifact id: 'a2258407bb99c581bfdcd29da0c95f5f') in 0.010877 seconds
  Import took 0.013144 seconds .

========================================================================
Received Import Request.
  Time since last request: 19.611831 seconds.
  path: Assets/Prefabs#
  artifactKey: Guid(84edf21a9cd7c71418207d65010b0052) Importer(815301076,1909f56bfc062723c751e8b465ee728b)
Start importing Assets/Prefabs# using Guid(84edf21a9cd7c71418207d65010b0052) Importer(815301076,1909f56bfc062723c751e8b465ee728b)  -> (artifact id: 'fd210b6fd35c0bb7d42b0a90dbc2b0bf') in 0.001357 seconds
  Import took 0.003738 seconds .

========================================================================
Received Import Request.
  Time since last request: 8.827874 seconds.
  path: Assets/Prefabs
  artifactKey: Guid(84edf21a9cd7c71418207d65010b0052) Importer(815301076,1909f56bfc062723c751e8b465ee728b)
Start importing Assets/Prefabs using Guid(84edf21a9cd7c71418207d65010b0052) Importer(815301076,1909f56bfc062723c751e8b465ee728b)  -> (artifact id: '4f0a8dcbbe654500ff53b9eaae5cde62') in 0.002082 seconds
  Import took 0.009684 seconds .

========================================================================
Received Import Request.
  Time since last request: 3.867015 seconds.
  path: Assets/Prefabs/Ground.prefab
  artifactKey: Guid(0188acf496a6bb148ba6710567812171) Importer(815301076,1909f56bfc062723c751e8b465ee728b)
Start importing Assets/Prefabs/Ground.prefab using Guid(0188acf496a6bb148ba6710567812171) Importer(815301076,1909f56bfc062723c751e8b465ee728b)  -> (artifact id: '59ea9c54b721f979980627414a544020') in 0.017988 seconds
  Import took 0.020037 seconds .

========================================================================
Received Import Request.
  Time since last request: 0.013055 seconds.
  path: Assets/Prefabs/Ground.prefab
  artifactKey: Guid(0188acf496a6bb148ba6710567812171) Importer(815301076,1909f56bfc062723c751e8b465ee728b)
Start importing Assets/Prefabs/Ground.prefab using Guid(0188acf496a6bb148ba6710567812171) Importer(815301076,1909f56bfc062723c751e8b465ee728b)  -> (artifact id: '59ea9c54b721f979980627414a544020') in 0.008952 seconds
  Import took 0.011130 seconds .

========================================================================
Received Import Request.
  Time since last request: 1.344639 seconds.
  path: Assets/Prefabs/Launch Pad.prefab
  artifactKey: Guid(3d116f4e0e6ffc4468a47a5c2b1778ea) Importer(815301076,1909f56bfc062723c751e8b465ee728b)
Start importing Assets/Prefabs/Launch Pad.prefab using Guid(3d116f4e0e6ffc4468a47a5c2b1778ea) Importer(815301076,1909f56bfc062723c751e8b465ee728b)  -> (artifact id: 'bb334993071cf2d12d1ea7c671aead3d') in 0.010259 seconds
  Import took 0.042545 seconds .

========================================================================
Received Import Request.
  Time since last request: 0.005379 seconds.
  path: Assets/Prefabs/Launch Pad.prefab
  artifactKey: Guid(3d116f4e0e6ffc4468a47a5c2b1778ea) Importer(815301076,1909f56bfc062723c751e8b465ee728b)
Start importing Assets/Prefabs/Launch Pad.prefab using Guid(3d116f4e0e6ffc4468a47a5c2b1778ea) Importer(815301076,1909f56bfc062723c751e8b465ee728b)  -> (artifact id: 'bb334993071cf2d12d1ea7c671aead3d') in 0.005542 seconds
  Import took 0.007563 seconds .

========================================================================
Received Import Request.
  Time since last request: 1.358917 seconds.
  path: Assets/Prefabs/Landing Pad.prefab
  artifactKey: Guid(08602d6bdcf1a474ea11ac7cafe13363) Importer(815301076,1909f56bfc062723c751e8b465ee728b)
Start importing Assets/Prefabs/Landing Pad.prefab using Guid(08602d6bdcf1a474ea11ac7cafe13363) Importer(815301076,1909f56bfc062723c751e8b465ee728b)  -> (artifact id: '47ca4695f39f9d6bb7c29577eea9bdf8') in 0.009251 seconds
  Import took 0.011873 seconds .

========================================================================
Received Import Request.
  Time since last request: 0.012771 seconds.
  path: Assets/Prefabs/Landing Pad.prefab
  artifactKey: Guid(08602d6bdcf1a474ea11ac7cafe13363) Importer(815301076,1909f56bfc062723c751e8b465ee728b)
Start importing Assets/Prefabs/Landing Pad.prefab using Guid(08602d6bdcf1a474ea11ac7cafe13363) Importer(815301076,1909f56bfc062723c751e8b465ee728b)  -> (artifact id: '47ca4695f39f9d6bb7c29577eea9bdf8') in 0.007174 seconds
  Import took 0.008881 seconds .

========================================================================
Received Import Request.
  Time since last request: 7.771033 seconds.
  path: Assets/Materials
  artifactKey: Guid(acef752fb9b59b14588b49ec24091342) Importer(815301076,1909f56bfc062723c751e8b465ee728b)
Start importing Assets/Materials using Guid(acef752fb9b59b14588b49ec24091342) Importer(815301076,1909f56bfc062723c751e8b465ee728b)  -> (artifact id: 'ea35fc1d4830e49b32e9465192e35117') in 0.001227 seconds
  Import took 0.002921 seconds .

========================================================================
Received Import Request.
  Time since last request: 147.723795 seconds.
  path: Assets/Prefabs/Rocket.prefab
  artifactKey: Guid(9fd1294f8d703534ba11f47af1d56b8a) Importer(815301076,1909f56bfc062723c751e8b465ee728b)
Start importing Assets/Prefabs/Rocket.prefab using Guid(9fd1294f8d703534ba11f47af1d56b8a) Importer(815301076,1909f56bfc062723c751e8b465ee728b)  -> (artifact id: 'e979f61920468df2d85aa01e0d2b78aa') in 0.010747 seconds
  Import took 0.012627 seconds .

========================================================================
Received Import Request.
  Time since last request: 0.014795 seconds.
  path: Assets/Prefabs/Rocket.prefab
  artifactKey: Guid(9fd1294f8d703534ba11f47af1d56b8a) Importer(815301076,1909f56bfc062723c751e8b465ee728b)
Start importing Assets/Prefabs/Rocket.prefab using Guid(9fd1294f8d703534ba11f47af1d56b8a) Importer(815301076,1909f56bfc062723c751e8b465ee728b)  -> (artifact id: 'e979f61920468df2d85aa01e0d2b78aa') in 0.005819 seconds
  Import took 0.007748 seconds .

========================================================================
Received Import Request.
  Time since last request: 6.915635 seconds.
  path: Assets/Scenes
  artifactKey: Guid(9fd15222e60aaca4b83ebe84fc6fd64c) Importer(815301076,1909f56bfc062723c751e8b465ee728b)
Start importing Assets/Scenes using Guid(9fd15222e60aaca4b83ebe84fc6fd64c) Importer(815301076,1909f56bfc062723c751e8b465ee728b)  -> (artifact id: '25567b2f9a6181c678094723ba9bde8c') in 0.001438 seconds
  Import took 0.003162 seconds .

========================================================================
Received Import Request.
  Time since last request: 8.874075 seconds.
  path: Assets/Materials/Mat_Rocket.mat
  artifactKey: Guid(63faefe5007c4e648ba3222d59ff9a71) Importer(815301076,1909f56bfc062723c751e8b465ee728b)
Start importing Assets/Materials/Mat_Rocket.mat using Guid(63faefe5007c4e648ba3222d59ff9a71) Importer(815301076,1909f56bfc062723c751e8b465ee728b)  -> (artifact id: '4c0e2b5bc5161ba4704f3766bdf2590e') in 0.024739 seconds
  Import took 0.026375 seconds .

========================================================================
Received Import Request.
  Time since last request: 24.767187 seconds.
  path: Assets/Scenes/SampleScene.unity
  artifactKey: Guid(9fc0d4010bbf28b4594072e72b8655ab) Importer(815301076,1909f56bfc062723c751e8b465ee728b)
Start importing Assets/Scenes/SampleScene.unity using Guid(9fc0d4010bbf28b4594072e72b8655ab) Importer(815301076,1909f56bfc062723c751e8b465ee728b)  -> (artifact id: '110c333371a422cd99cb3be86f711f92') in 0.001507 seconds
  Import took 0.022138 seconds .

========================================================================
Received Import Request.
  Time since last request: 10.904072 seconds.
  path: Assets/Scenes/Sandbox.unity
  artifactKey: Guid(9fc0d4010bbf28b4594072e72b8655ab) Importer(815301076,1909f56bfc062723c751e8b465ee728b)
Start importing Assets/Scenes/Sandbox.unity using Guid(9fc0d4010bbf28b4594072e72b8655ab) Importer(815301076,1909f56bfc062723c751e8b465ee728b)  -> (artifact id: '18b01c6be9dbb462b8d9dddcec529eeb') in 0.001453 seconds
  Import took 0.003403 seconds .

========================================================================
Received Import Request.
  Time since last request: 92.266197 seconds.
  path: Assets/Scripts
  artifactKey: Guid(d7d667cb87b26054fb1b4b7ec397b1d5) Importer(815301076,1909f56bfc062723c751e8b465ee728b)
Start importing Assets/Scripts using Guid(d7d667cb87b26054fb1b4b7ec397b1d5) Importer(815301076,1909f56bfc062723c751e8b465ee728b)  -> (artifact id: 'e3855ff1cd2b7802bb32a73e430151a5') in 0.001303 seconds
  Import took 0.003390 seconds .

========================================================================
Received Import Request.
  Time since last request: 6.379295 seconds.
  path: Assets/Scripts/Movement.cs
  artifactKey: Guid(6f8b1390b3cd8014f9de1a96bdd0e17b) Importer(815301076,1909f56bfc062723c751e8b465ee728b)
Start importing Assets/Scripts/Movement.cs using Guid(6f8b1390b3cd8014f9de1a96bdd0e17b) Importer(815301076,1909f56bfc062723c751e8b465ee728b)  -> (artifact id: 'ffdc13e4ee514cf1322c714972bf3c55') in 0.009183 seconds
  Import took 0.016791 seconds .

========================================================================
Received Prepare
Registering precompiled user dll's ...
Registered in 0.000479 seconds.
Begin MonoManager ReloadAssembly
Native extension for WindowsStandalone target not found
Native extension for WebGL target not found
Refreshing native plugins compatible for Editor in 0.18 ms, found 0 plugins.
Preloading 0 native plugins for Editor in 0.00 ms.
Invoked RoslynAnalysisRunner static constructor.
RoslynAnalysisRunner will not be running.
RoslynAnalysisRunner has terminated.
Mono: successfully reloaded assembly
- Completed reload, in  0.691 seconds
Platform modules already initialized, skipping
Refreshing native plugins compatible for Editor in 0.17 ms, found 0 plugins.
Preloading 0 native plugins for Editor in 0.00 ms.
Unloading 1109 Unused Serialized files (Serialized files now loaded: 0)
System memory in use before: 60.3 MB.
System memory in use after: 60.3 MB.

Unloading 6 unused Assets to reduce memory usage. Loaded Objects now: 1600.
Total: 1.622600 ms (FindLiveObjects: 0.157700 ms CreateObjectMapping: 0.102300 ms MarkObjects: 1.307900 ms  DeleteObjects: 0.053800 ms)

========================================================================
Received Prepare
Registering precompiled user dll's ...
Registered in 0.000515 seconds.
Begin MonoManager ReloadAssembly
Native extension for WindowsStandalone target not found
Native extension for WebGL target not found
Refreshing native plugins compatible for Editor in 0.18 ms, found 0 plugins.
Preloading 0 native plugins for Editor in 0.00 ms.
Invoked RoslynAnalysisRunner static constructor.
RoslynAnalysisRunner will not be running.
RoslynAnalysisRunner has terminated.
Mono: successfully reloaded assembly
- Completed reload, in  0.675 seconds
Platform modules already initialized, skipping
Refreshing native plugins compatible for Editor in 0.22 ms, found 0 plugins.
Preloading 0 native plugins for Editor in 0.00 ms.
Unloading 1109 Unused Serialized files (Serialized files now loaded: 0)
System memory in use before: 60.3 MB.
System memory in use after: 60.4 MB.

Unloading 5 unused Assets to reduce memory usage. Loaded Objects now: 1603.
Total: 1.469700 ms (FindLiveObjects: 0.168600 ms CreateObjectMapping: 0.036300 ms MarkObjects: 1.212800 ms  DeleteObjects: 0.050600 ms)

========================================================================
Received Prepare
Registering precompiled user dll's ...
Registered in 0.000436 seconds.
Begin MonoManager ReloadAssembly
Native extension for WindowsStandalone target not found
Native extension for WebGL target not found
Refreshing native plugins compatible for Editor in 0.18 ms, found 0 plugins.
Preloading 0 native plugins for Editor in 0.00 ms.
Invoked RoslynAnalysisRunner static constructor.
RoslynAnalysisRunner will not be running.
RoslynAnalysisRunner has terminated.
Mono: successfully reloaded assembly
- Completed reload, in  0.756 seconds
Platform modules already initialized, skipping
Refreshing native plugins compatible for Editor in 0.28 ms, found 0 plugins.
Preloading 0 native plugins for Editor in 0.00 ms.
Unloading 1109 Unused Serialized files (Serialized files now loaded: 0)
System memory in use before: 60.3 MB.
System memory in use after: 60.4 MB.

Unloading 5 unused Assets to reduce memory usage. Loaded Objects now: 1606.
Total: 1.387700 ms (FindLiveObjects: 0.170800 ms CreateObjectMapping: 0.047400 ms MarkObjects: 1.127900 ms  DeleteObjects: 0.040600 ms)

========================================================================
Received Prepare
Registering precompiled user dll's ...
Registered in 0.000470 seconds.
Begin MonoManager ReloadAssembly
Native extension for WindowsStandalone target not found
Native extension for WebGL target not found
Refreshing native plugins compatible for Editor in 0.28 ms, found 0 plugins.
Preloading 0 native plugins for Editor in 0.00 ms.
Invoked RoslynAnalysisRunner static constructor.
RoslynAnalysisRunner will not be running.
RoslynAnalysisRunner has terminated.
Mono: successfully reloaded assembly
- Completed reload, in  0.791 seconds
Platform modules already initialized, skipping
Refreshing native plugins compatible for Editor in 0.27 ms, found 0 plugins.
Preloading 0 native plugins for Editor in 0.00 ms.
Unloading 1109 Unused Serialized files (Serialized files now loaded: 0)
System memory in use before: 60.3 MB.
System memory in use after: 60.4 MB.

Unloading 5 unused Assets to reduce memory usage. Loaded Objects now: 1609.
Total: 1.606100 ms (FindLiveObjects: 0.248100 ms CreateObjectMapping: 0.073300 ms MarkObjects: 1.237900 ms  DeleteObjects: 0.044900 ms)

========================================================================
Received Prepare
Registering precompiled user dll's ...
Registered in 0.000423 seconds.
Begin MonoManager ReloadAssembly
Native extension for WindowsStandalone target not found
Native extension for WebGL target not found
Refreshing native plugins compatible for Editor in 0.51 ms, found 0 plugins.
Preloading 0 native plugins for Editor in 0.00 ms.
Invoked RoslynAnalysisRunner static constructor.
RoslynAnalysisRunner will not be running.
RoslynAnalysisRunner has terminated.
Mono: successfully reloaded assembly
- Completed reload, in  0.684 seconds
Platform modules already initialized, skipping
Refreshing native plugins compatible for Editor in 0.17 ms, found 0 plugins.
Preloading 0 native plugins for Editor in 0.00 ms.
Unloading 1109 Unused Serialized files (Serialized files now loaded: 0)
System memory in use before: 60.3 MB.
System memory in use after: 60.4 MB.

Unloading 5 unused Assets to reduce memory usage. Loaded Objects now: 1612.
Total: 1.860500 ms (FindLiveObjects: 0.254100 ms CreateObjectMapping: 0.060300 ms MarkObjects: 1.502000 ms  DeleteObjects: 0.041900 ms)

========================================================================
Received Import Request.
  Time since last request: 1126.775086 seconds.
  path: Assets/Materials/Mat_Ground.mat
  artifactKey: Guid(9c8e229ae5abb09469b8b16a969cd87f) Importer(815301076,1909f56bfc062723c751e8b465ee728b)
Start importing Assets/Materials/Mat_Ground.mat using Guid(9c8e229ae5abb09469b8b16a969cd87f) Importer(815301076,1909f56bfc062723c751e8b465ee728b)  -> (artifact id: 'b10a20a890925d035dbfbe9c7a980587') in 0.044549 seconds
  Import took 0.061828 seconds .

========================================================================
Received Import Request.
  Time since last request: 0.000179 seconds.
  path: Assets/Materials/Mat_LaunchPad.mat
  artifactKey: Guid(751999cfe245006499d79c6d95de6ddc) Importer(815301076,1909f56bfc062723c751e8b465ee728b)
Start importing Assets/Materials/Mat_LaunchPad.mat using Guid(751999cfe245006499d79c6d95de6ddc) Importer(815301076,1909f56bfc062723c751e8b465ee728b)  -> (artifact id: 'f4b0c5f3abf2ce6bf33e14f4dec731db') in 0.005688 seconds
  Import took 0.007213 seconds .

========================================================================
Received Import Request.
  Time since last request: 0.000170 seconds.
  path: Assets/Materials/Mat_LandingPad.mat
  artifactKey: Guid(36aaff3580e2d594fa5f632f0aa8ae90) Importer(815301076,1909f56bfc062723c751e8b465ee728b)
Start importing Assets/Materials/Mat_LandingPad.mat using Guid(36aaff3580e2d594fa5f632f0aa8ae90) Importer(815301076,1909f56bfc062723c751e8b465ee728b)  -> (artifact id: '1b4d305bd001bc31de845cbd2c7833c8') in 0.005757 seconds
  Import took 0.007278 seconds .

========================================================================
Received Import Request.
  Time since last request: 0.000173 seconds.
  path: Assets/Materials/Mat_Rocket.mat
  artifactKey: Guid(63faefe5007c4e648ba3222d59ff9a71) Importer(815301076,1909f56bfc062723c751e8b465ee728b)
Start importing Assets/Materials/Mat_Rocket.mat using Guid(63faefe5007c4e648ba3222d59ff9a71) Importer(815301076,1909f56bfc062723c751e8b465ee728b)  -> (artifact id: '374c9a01d55574ce7ee9a1b1da056302') in 0.009155 seconds
  Import took 0.011733 seconds .

========================================================================
Received Prepare
Registering precompiled user dll's ...
Registered in 0.000637 seconds.
Begin MonoManager ReloadAssembly
Native extension for WindowsStandalone target not found
Native extension for WebGL target not found
Refreshing native plugins compatible for Editor in 0.21 ms, found 0 plugins.
Preloading 0 native plugins for Editor in 0.00 ms.
Invoked RoslynAnalysisRunner static constructor.
RoslynAnalysisRunner will not be running.
RoslynAnalysisRunner has terminated.
Mono: successfully reloaded assembly
- Completed reload, in  0.702 seconds
Platform modules already initialized, skipping
Refreshing native plugins compatible for Editor in 0.18 ms, found 0 plugins.
Preloading 0 native plugins for Editor in 0.00 ms.
Unloading 1109 Unused Serialized files (Serialized files now loaded: 0)
System memory in use before: 60.3 MB.
System memory in use after: 60.4 MB.

Unloading 5 unused Assets to reduce memory usage. Loaded Objects now: 1616.
Total: 1.274600 ms (FindLiveObjects: 0.117900 ms CreateObjectMapping: 0.028500 ms MarkObjects: 1.085000 ms  DeleteObjects: 0.042100 ms)

========================================================================
Received Prepare
Registering precompiled user dll's ...
Registered in 0.000535 seconds.
Begin MonoManager ReloadAssembly
Native extension for WindowsStandalone target not found
Native extension for WebGL target not found
Refreshing native plugins compatible for Editor in 0.26 ms, found 0 plugins.
Preloading 0 native plugins for Editor in 0.00 ms.
Invoked RoslynAnalysisRunner static constructor.
RoslynAnalysisRunner will not be running.
RoslynAnalysisRunner has terminated.
Mono: successfully reloaded assembly
- Completed reload, in  0.748 seconds
Platform modules already initialized, skipping
Refreshing native plugins compatible for Editor in 0.18 ms, found 0 plugins.
Preloading 0 native plugins for Editor in 0.00 ms.
Unloading 1109 Unused Serialized files (Serialized files now loaded: 0)
System memory in use before: 60.3 MB.
System memory in use after: 60.4 MB.

Unloading 5 unused Assets to reduce memory usage. Loaded Objects now: 1619.
Total: 2.089400 ms (FindLiveObjects: 0.209600 ms CreateObjectMapping: 0.058400 ms MarkObjects: 1.769100 ms  DeleteObjects: 0.051200 ms)

========================================================================
Received Prepare
Registering precompiled user dll's ...
Registered in 0.000605 seconds.
Begin MonoManager ReloadAssembly
Native extension for WindowsStandalone target not found
Native extension for WebGL target not found
Refreshing native plugins compatible for Editor in 0.18 ms, found 0 plugins.
Preloading 0 native plugins for Editor in 0.00 ms.
Invoked RoslynAnalysisRunner static constructor.
RoslynAnalysisRunner will not be running.
RoslynAnalysisRunner has terminated.
Mono: successfully reloaded assembly
- Completed reload, in  0.633 seconds
Platform modules already initialized, skipping
Refreshing native plugins compatible for Editor in 0.20 ms, found 0 plugins.
Preloading 0 native plugins for Editor in 0.00 ms.
Unloading 1109 Unused Serialized files (Serialized files now loaded: 0)
System memory in use before: 60.3 MB.
System memory in use after: 60.4 MB.

Unloading 5 unused Assets to reduce memory usage. Loaded Objects now: 1622.
Total: 1.362400 ms (FindLiveObjects: 0.130300 ms CreateObjectMapping: 0.034500 ms MarkObjects: 1.156800 ms  DeleteObjects: 0.039600 ms)

========================================================================
Received Prepare
Registering precompiled user dll's ...
Registered in 0.000509 seconds.
Begin MonoManager ReloadAssembly
Native extension for WindowsStandalone target not found
Native extension for WebGL target not found
Refreshing native plugins compatible for Editor in 0.19 ms, found 0 plugins.
Preloading 0 native plugins for Editor in 0.00 ms.
Invoked RoslynAnalysisRunner static constructor.
RoslynAnalysisRunner will not be running.
RoslynAnalysisRunner has terminated.
Mono: successfully reloaded assembly
- Completed reload, in  0.670 seconds
Platform modules already initialized, skipping
Refreshing native plugins compatible for Editor in 0.20 ms, found 0 plugins.
Preloading 0 native plugins for Editor in 0.00 ms.
Unloading 1109 Unused Serialized files (Serialized files now loaded: 0)
System memory in use before: 60.3 MB.
System memory in use after: 60.4 MB.

Unloading 5 unused Assets to reduce memory usage. Loaded Objects now: 1625.
Total: 1.921500 ms (FindLiveObjects: 0.219500 ms CreateObjectMapping: 0.065800 ms MarkObjects: 1.589300 ms  DeleteObjects: 0.044700 ms)

========================================================================
Received Prepare
Registering precompiled user dll's ...
Registered in 0.000505 seconds.
Begin MonoManager ReloadAssembly
Native extension for WindowsStandalone target not found
Native extension for WebGL target not found
Refreshing native plugins compatible for Editor in 0.18 ms, found 0 plugins.
Preloading 0 native plugins for Editor in 0.00 ms.
Invoked RoslynAnalysisRunner static constructor.
RoslynAnalysisRunner will not be running.
RoslynAnalysisRunner has terminated.
Mono: successfully reloaded assembly
- Completed reload, in  0.662 seconds
Platform modules already initialized, skipping
Refreshing native plugins compatible for Editor in 0.17 ms, found 0 plugins.
Preloading 0 native plugins for Editor in 0.00 ms.
Unloading 1109 Unused Serialized files (Serialized files now loaded: 0)
System memory in use before: 60.4 MB.
System memory in use after: 60.4 MB.

Unloading 5 unused Assets to reduce memory usage. Loaded Objects now: 1628.
Total: 2.645600 ms (FindLiveObjects: 0.325200 ms CreateObjectMapping: 0.086200 ms MarkObjects: 2.146800 ms  DeleteObjects: 0.084700 ms)

========================================================================
Received Prepare
Registering precompiled user dll's ...
Registered in 0.000518 seconds.
Begin MonoManager ReloadAssembly
Native extension for WindowsStandalone target not found
Native extension for WebGL target not found
Refreshing native plugins compatible for Editor in 0.18 ms, found 0 plugins.
Preloading 0 native plugins for Editor in 0.00 ms.
Invoked RoslynAnalysisRunner static constructor.
RoslynAnalysisRunner will not be running.
RoslynAnalysisRunner has terminated.
Mono: successfully reloaded assembly
- Completed reload, in  0.686 seconds
Platform modules already initialized, skipping
Refreshing native plugins compatible for Editor in 0.20 ms, found 0 plugins.
Preloading 0 native plugins for Editor in 0.00 ms.
Unloading 1109 Unused Serialized files (Serialized files now loaded: 0)
System memory in use before: 60.4 MB.
System memory in use after: 60.4 MB.

Unloading 5 unused Assets to reduce memory usage. Loaded Objects now: 1631.
Total: 1.469100 ms (FindLiveObjects: 0.197900 ms CreateObjectMapping: 0.058400 ms MarkObjects: 1.170800 ms  DeleteObjects: 0.040600 ms)

========================================================================
Received Prepare
Registering precompiled user dll's ...
Registered in 0.000468 seconds.
Begin MonoManager ReloadAssembly
Native extension for WindowsStandalone target not found
Native extension for WebGL target not found
Refreshing native plugins compatible for Editor in 0.21 ms, found 0 plugins.
Preloading 0 native plugins for Editor in 0.00 ms.
Invoked RoslynAnalysisRunner static constructor.
RoslynAnalysisRunner will not be running.
RoslynAnalysisRunner has terminated.
Mono: successfully reloaded assembly
- Completed reload, in  0.742 seconds
Platform modules already initialized, skipping
Refreshing native plugins compatible for Editor in 0.24 ms, found 0 plugins.
Preloading 0 native plugins for Editor in 0.00 ms.
Unloading 1109 Unused Serialized files (Serialized files now loaded: 0)
System memory in use before: 60.4 MB.
System memory in use after: 60.4 MB.

Unloading 5 unused Assets to reduce memory usage. Loaded Objects now: 1634.
Total: 1.327600 ms (FindLiveObjects: 0.120700 ms CreateObjectMapping: 0.029800 ms MarkObjects: 1.134000 ms  DeleteObjects: 0.041700 ms)

========================================================================
Received Prepare
Registering precompiled user dll's ...
Registered in 0.000427 seconds.
Begin MonoManager ReloadAssembly
Native extension for WindowsStandalone target not found
Native extension for WebGL target not found
Refreshing native plugins compatible for Editor in 0.19 ms, found 0 plugins.
Preloading 0 native plugins for Editor in 0.00 ms.
Invoked RoslynAnalysisRunner static constructor.
RoslynAnalysisRunner will not be running.
RoslynAnalysisRunner has terminated.
Mono: successfully reloaded assembly
- Completed reload, in  0.693 seconds
Platform modules already initialized, skipping
Refreshing native plugins compatible for Editor in 0.21 ms, found 0 plugins.
Preloading 0 native plugins for Editor in 0.00 ms.
Unloading 1109 Unused Serialized files (Serialized files now loaded: 0)
System memory in use before: 60.4 MB.
System memory in use after: 60.4 MB.

Unloading 5 unused Assets to reduce memory usage. Loaded Objects now: 1637.
Total: 1.472800 ms (FindLiveObjects: 0.195300 ms CreateObjectMapping: 0.053500 ms MarkObjects: 1.170200 ms  DeleteObjects: 0.052900 ms)

========================================================================
Received Prepare
Registering precompiled user dll's ...
Registered in 0.000440 seconds.
Begin MonoManager ReloadAssembly
Native extension for WindowsStandalone target not found
Native extension for WebGL target not found
Refreshing native plugins compatible for Editor in 0.18 ms, found 0 plugins.
Preloading 0 native plugins for Editor in 0.00 ms.
Invoked RoslynAnalysisRunner static constructor.
RoslynAnalysisRunner will not be running.
RoslynAnalysisRunner has terminated.
Mono: successfully reloaded assembly
- Completed reload, in  0.678 seconds
Platform modules already initialized, skipping
Refreshing native plugins compatible for Editor in 0.17 ms, found 0 plugins.
Preloading 0 native plugins for Editor in 0.00 ms.
Unloading 1109 Unused Serialized files (Serialized files now loaded: 0)
System memory in use before: 60.4 MB.
System memory in use after: 60.5 MB.

Unloading 5 unused Assets to reduce memory usage. Loaded Objects now: 1640.
Total: 1.841500 ms (FindLiveObjects: 0.118900 ms CreateObjectMapping: 0.030900 ms MarkObjects: 1.605100 ms  DeleteObjects: 0.085500 ms)

========================================================================
Received Prepare
Registering precompiled user dll's ...
Registered in 0.000684 seconds.
Begin MonoManager ReloadAssembly
Native extension for WindowsStandalone target not found
Native extension for WebGL target not found
Refreshing native plugins compatible for Editor in 0.20 ms, found 0 plugins.
Preloading 0 native plugins for Editor in 0.00 ms.
Invoked RoslynAnalysisRunner static constructor.
RoslynAnalysisRunner will not be running.
RoslynAnalysisRunner has terminated.
Mono: successfully reloaded assembly
- Completed reload, in  0.666 seconds
Platform modules already initialized, skipping
Refreshing native plugins compatible for Editor in 0.18 ms, found 0 plugins.
Preloading 0 native plugins for Editor in 0.00 ms.
Unloading 1109 Unused Serialized files (Serialized files now loaded: 0)
System memory in use before: 60.4 MB.
System memory in use after: 60.5 MB.

Unloading 5 unused Assets to reduce memory usage. Loaded Objects now: 1643.
Total: 1.441700 ms (FindLiveObjects: 0.153500 ms CreateObjectMapping: 0.039900 ms MarkObjects: 1.204900 ms  DeleteObjects: 0.042500 ms)

========================================================================
Received Prepare
Registering precompiled user dll's ...
Registered in 0.000461 seconds.
Begin MonoManager ReloadAssembly
Native extension for WindowsStandalone target not found
Native extension for WebGL target not found
Refreshing native plugins compatible for Editor in 0.21 ms, found 0 plugins.
Preloading 0 native plugins for Editor in 0.00 ms.
Invoked RoslynAnalysisRunner static constructor.
RoslynAnalysisRunner will not be running.
RoslynAnalysisRunner has terminated.
Mono: successfully reloaded assembly
- Completed reload, in  0.681 seconds
Platform modules already initialized, skipping
Refreshing native plugins compatible for Editor in 0.24 ms, found 0 plugins.
Preloading 0 native plugins for Editor in 0.00 ms.
Unloading 1109 Unused Serialized files (Serialized files now loaded: 0)
System memory in use before: 60.4 MB.
System memory in use after: 60.5 MB.

Unloading 5 unused Assets to reduce memory usage. Loaded Objects now: 1646.
Total: 1.341000 ms (FindLiveObjects: 0.121000 ms CreateObjectMapping: 0.028800 ms MarkObjects: 1.149500 ms  DeleteObjects: 0.041000 ms)

========================================================================
Received Prepare
Registering precompiled user dll's ...
Registered in 0.000484 seconds.
Begin MonoManager ReloadAssembly
Native extension for WindowsStandalone target not found
Native extension for WebGL target not found
Refreshing native plugins compatible for Editor in 0.19 ms, found 0 plugins.
Preloading 0 native plugins for Editor in 0.00 ms.
Invoked RoslynAnalysisRunner static constructor.
RoslynAnalysisRunner will not be running.
RoslynAnalysisRunner has terminated.
Mono: successfully reloaded assembly
- Completed reload, in  0.697 seconds
Platform modules already initialized, skipping
Refreshing native plugins compatible for Editor in 0.31 ms, found 0 plugins.
Preloading 0 native plugins for Editor in 0.00 ms.
Unloading 1109 Unused Serialized files (Serialized files now loaded: 0)
System memory in use before: 60.4 MB.
System memory in use after: 60.5 MB.

Unloading 5 unused Assets to reduce memory usage. Loaded Objects now: 1649.
Total: 2.149600 ms (FindLiveObjects: 0.166400 ms CreateObjectMapping: 0.039700 ms MarkObjects: 1.888500 ms  DeleteObjects: 0.051800 ms)

========================================================================
Received Prepare
Registering precompiled user dll's ...
Registered in 0.000463 seconds.
Begin MonoManager ReloadAssembly
Native extension for WindowsStandalone target not found
Native extension for WebGL target not found
Refreshing native plugins compatible for Editor in 0.18 ms, found 0 plugins.
Preloading 0 native plugins for Editor in 0.00 ms.
Invoked RoslynAnalysisRunner static constructor.
RoslynAnalysisRunner will not be running.
RoslynAnalysisRunner has terminated.
Mono: successfully reloaded assembly
- Completed reload, in  0.749 seconds
Platform modules already initialized, skipping
Refreshing native plugins compatible for Editor in 0.19 ms, found 0 plugins.
Preloading 0 native plugins for Editor in 0.00 ms.
Unloading 1109 Unused Serialized files (Serialized files now loaded: 0)
System memory in use before: 60.4 MB.
System memory in use after: 60.5 MB.

Unloading 5 unused Assets to reduce memory usage. Loaded Objects now: 1652.
Total: 1.981300 ms (FindLiveObjects: 0.210200 ms CreateObjectMapping: 0.094500 ms MarkObjects: 1.629400 ms  DeleteObjects: 0.046000 ms)

AssetImportWorkerClient::OnTransportError - code=2 error=End of file
